<?xml version="1.0" encoding="UTF-8"?>
<testng-results skipped="0" failed="0" ignored="0" total="2" passed="2">
  <reporter-output>
  </reporter-output>
  <suite name="com.sdet.AppTest" duration-ms="52" started-at="2022-05-23T15:43:26 IST" finished-at="2022-05-23T15:43:26 IST">
    <groups>
    </groups>
    <test name="Command line test" duration-ms="52" started-at="2022-05-23T15:43:26 IST" finished-at="2022-05-23T15:43:26 IST">
      <class name="com.sdet.AppTest">
        <test-method status="PASS" signature="testlogin1()[pri:0, instance:com.sdet.AppTest@5bcab519]" name="testlogin1" duration-ms="9" started-at="2022-05-23T15:43:26 IST" finished-at="2022-05-23T15:43:26 IST">
          <reporter-output>
          </reporter-output>
        </test-method> <!-- testlogin1 -->
        <test-method status="PASS" signature="testlogin2()[pri:0, instance:com.sdet.AppTest@5bcab519]" name="testlogin2" duration-ms="0" started-at="2022-05-23T15:43:26 IST" finished-at="2022-05-23T15:43:26 IST">
          <reporter-output>
          </reporter-output>
        </test-method> <!-- testlogin2 -->
      </class> <!-- com.sdet.AppTest -->
    </test> <!-- Command line test -->
  </suite> <!-- com.sdet.AppTest -->
</testng-results>
